<?xml version="1.0" encoding="UTF-8"?>
<!-- Generated by org.testng.reporters.JUnitXMLReporter -->
<testsuite ignored="0" hostname="prachidhanotiya" failures="0" tests="2" name="Default test" time="71.302" errors="0" timestamp="2022-10-16T14:34:22 IST">
  <testcase classname="com.crm.qa.testcases.ContactsPageTest" name="verifyContactsPageLabel" time="0.078"/>
  <testcase classname="com.crm.qa.testcases.ContactsPageTest" name="verifyLabelNameTest" time="1.843"/>
</testsuite> <!-- Default test -->
